SF:lib\app\modules\converter\infra\datasources\currency_datasource.dart
DA:8,1
DA:10,1
DA:11,4
DA:14,2
LF:4
LH:4
end_of_record
SF:lib\app\modules\converter\infra\repositories\models\currency_info_model.dart
DA:4,1
DA:7,1
DA:9,1
DA:10,2
DA:11,5
LF:5
LH:5
end_of_record
SF:lib\commons\adapters\http_client\http_response.dart
DA:5,1
LF:1
LH:1
end_of_record
SF:lib\app\modules\converter\domain\entities\currency_info_entity.dart
DA:5,2
LF:1
LH:1
end_of_record
SF:lib\app\modules\converter\domain\entities\currency_entity.dart
DA:6,1
LF:1
LH:1
end_of_record
SF:lib\app\modules\converter\domain\enums\currency_type_enum.dart
DA:1,2
LF:1
LH:1
end_of_record
SF:lib\app\modules\converter\domain\usescases\convert_currency.dart
DA:13,1
DA:16,1
DA:17,1
DA:18,1
DA:19,1
DA:20,1
DA:21,2
DA:22,1
DA:25,1
DA:26,3
DA:29,1
DA:30,1
DA:32,2
DA:33,2
DA:35,1
DA:36,1
DA:37,2
DA:39,4
DA:41,1
DA:42,1
DA:43,2
DA:44,4
LF:22
LH:22
end_of_record
